<?xml version="1.0" encoding="UTF-8" standalone="no"?>
<beans xmlns="http://www.springframework.org/schema/beans"
       xmlns:aop="http://www.springframework.org/schema/aop"
       xmlns:context="http://www.springframework.org/schema/context"
       xmlns:jee="http://www.springframework.org/schema/jee"
       xmlns:tx="http://www.springframework.org/schema/tx"
       xmlns:xsi="http://www.w3.org/2001/XMLSchema-instance"
       xmlns:task="http://www.springframework.org/schema/task"
       xmlns:p="http://www.springframework.org/schema/p"
       xmlns:neo4j="http://www.springframework.org/schema/data/neo4j"
       xsi:schemaLocation="http://www.springframework.org/schema/jee 
       http://www.springframework.org/schema/jee/spring-jee-3.0.xsd
		http://www.springframework.org/schema/aop 
		http://www.springframework.org/schema/aop/spring-aop-3.0.xsd
		http://www.springframework.org/schema/task 
		http://www.springframework.org/schema/task/spring-task-3.0.xsd
		http://www.springframework.org/schema/beans 
		http://www.springframework.org/schema/beans/spring-beans-3.0.xsd
		http://www.springframework.org/schema/tx 
		http://www.springframework.org/schema/tx/spring-tx-3.0.xsd
		http://www.springframework.org/schema/context 
		http://www.springframework.org/schema/context/spring-context-3.0.xsd 
		http://www.springframework.org/schema/data/neo4j 
		http://www.springframework.org/schema/data/neo4j/spring-neo4j-2.0.xsd "
>

    <context:annotation-config/>
    <context:spring-configured/>
    <context:component-scan base-package="sdnTests"/>

    <neo4j:config graphDatabaseService="graphDatabaseService"/> 
     <neo4j:repositories base-package="sdnTests.repository"/> 

    <neo4j:config graphDatabaseService="graphDatabaseService"/>
    <tx:annotation-driven mode="aspectj" transaction-manager="transactionManager"/>	

	<bean id="graphDatabaseService" class="org.neo4j.test.ImpermanentGraphDatabase"/>

<!--     <bean id="graphDatabaseService" class="org.neo4j.kernel.EmbeddedGraphDatabase"> -->
<!--       	<constructor-arg value="r:/neo4jData/sdntrials.neo4j1.6 "/> -->
<!--      </bean>		 -->

    <tx:annotation-driven mode="aspectj"/>
    
</beans>